<?xml version="1.0" encoding="UTF-8"?>
<!-- Generated by org.testng.reporters.JUnitReportReporter -->
<testsuite hostname="LAPTOP-KB7KK6RH" failures="0" tests="1" name="SumValidation" time="1.117" errors="0" timestamp="2022-04-28T22:34:30 IST" skipped="0">
  <testcase classname="SumValidation" name="sumOfCourses" time="1.117"/>
  <system-out/>
</testsuite> <!-- SumValidation -->
