<?xml version="1.0" encoding="UTF-8"?>
<!-- Generated by org.testng.reporters.JUnitReportReporter -->
<testsuite hostname="LAPTOP-KB7KK6RH" failures="0" tests="3" name="DynamicJson" time="2.363" errors="0" timestamp="2022-04-29T07:32:51 IST" skipped="0">
  <testcase classname="DynamicJson" name="addBook" time="0.127"/>
  <system-out/>
  <testcase classname="DynamicJson" name="addBook" time="0.124"/>
  <system-out/>
  <testcase classname="DynamicJson" name="addBook" time="2.112"/>
  <system-out/>
</testsuite> <!-- DynamicJson -->
